# JRE version: Java(TM) SE Runtime Environment (8.0_192-b12) (build 1.8.0_192-b12)
# Java VM: Java HotSpot(TM) 64-Bit Server VM (25.192-b12 mixed mode windows-amd64 compressed oops)
Heap:
 PSYoungGen      total 118272K, used 22389K [0x00000000d8500000, 0x00000000e4d80000, 0x0000000100000000)
  eden space 105984K, 21% used [0x00000000d8500000,0x00000000d9add610,0x00000000dec80000)
  from space 12288K, 0% used [0x00000000dec80000,0x00000000dec80000,0x00000000df880000)
  to   space 11776K, 0% used [0x00000000e4200000,0x00000000e4200000,0x00000000e4d80000)
 ParOldGen       total 64000K, used 12034K [0x0000000088e00000, 0x000000008cc80000, 0x00000000d8500000)
  object space 64000K, 18% used [0x0000000088e00000,0x00000000899c0ac0,0x000000008cc80000)
 Metaspace       used 37629K, capacity 39214K, committed 39600K, reserved 1083392K
  class space    used 4842K, capacity 5171K, committed 5296K, reserved 1048576K
GC Heap History (10 events):
Event: 2.672 GC heap before
{Heap before GC invocations=5 (full 1):
 PSYoungGen      total 66560K, used 4842K [0x00000000d8500000, 0x00000000dcb00000, 0x0000000100000000)
  eden space 61440K, 0% used [0x00000000d8500000,0x00000000d8500000,0x00000000dc100000)
  from space 5120K, 94% used [0x00000000dc600000,0x00000000dcaba8a0,0x00000000dcb00000)
  to   space 5120K, 0% used [0x00000000dc100000,0x00000000dc100000,0x00000000dc600000)
 ParOldGen       total 81920K, used 7034K [0x0000000088e00000, 0x000000008de00000, 0x00000000d8500000)
  object space 81920K, 8% used [0x0000000088e00000,0x00000000894de9c8,0x000000008de00000)
 Metaspace       used 20612K, capacity 21188K, committed 21296K, reserved 1067008K
  class space    used 2671K, capacity 2830K, committed 2864K, reserved 1048576K
Event: 2.708 GC heap after
Heap after GC invocations=5 (full 1):
 PSYoungGen      total 66560K, used 0K [0x00000000d8500000, 0x00000000dcb00000, 0x0000000100000000)
  eden space 61440K, 0% used [0x00000000d8500000,0x00000000d8500000,0x00000000dc100000)
  from space 5120K, 0% used [0x00000000dc600000,0x00000000dc600000,0x00000000dcb00000)
  to   space 5120K, 0% used [0x00000000dc100000,0x00000000dc100000,0x00000000dc600000)
 ParOldGen       total 46592K, used 4811K [0x0000000088e00000, 0x000000008bb80000, 0x00000000d8500000)
  object space 46592K, 10% used [0x0000000088e00000,0x00000000892b2ee8,0x000000008bb80000)
 Metaspace       used 20610K, capacity 21182K, committed 21296K, reserved 1067008K
  class space    used 2671K, capacity 2829K, committed 2864K, reserved 1048576K
}
Event: 5.784 GC heap before
{Heap before GC invocations=6 (full 1):
 PSYoungGen      total 66560K, used 61440K [0x00000000d8500000, 0x00000000dcb00000, 0x0000000100000000)
  eden space 61440K, 100% used [0x00000000d8500000,0x00000000dc100000,0x00000000dc100000)
  from space 5120K, 0% used [0x00000000dc600000,0x00000000dc600000,0x00000000dcb00000)
  to   space 5120K, 0% used [0x00000000dc100000,0x00000000dc100000,0x00000000dc600000)
 ParOldGen       total 46592K, used 4811K [0x0000000088e00000, 0x000000008bb80000, 0x00000000d8500000)
  object space 46592K, 10% used [0x0000000088e00000,0x00000000892b2ee8,0x000000008bb80000)
 Metaspace       used 26554K, capacity 27478K, committed 27696K, reserved 1073152K
  class space    used 3375K, capacity 3589K, committed 3632K, reserved 1048576K
Event: 5.791 GC heap after
Heap after GC invocations=6 (full 1):
 PSYoungGen      total 66560K, used 5098K [0x00000000d8500000, 0x00000000e0400000, 0x0000000100000000)
  eden space 61440K, 0% used [0x00000000d8500000,0x00000000d8500000,0x00000000dc100000)
  from space 5120K, 99% used [0x00000000dc100000,0x00000000dc5faa10,0x00000000dc600000)
  to   space 10752K, 0% used [0x00000000df980000,0x00000000df980000,0x00000000e0400000)
 ParOldGen       total 46592K, used 8093K [0x0000000088e00000, 0x000000008bb80000, 0x00000000d8500000)
  object space 46592K, 17% used [0x0000000088e00000,0x00000000895e75e0,0x000000008bb80000)
 Metaspace       used 26554K, capacity 27478K, committed 27696K, reserved 1073152K
  class space    used 3375K, capacity 3589K, committed 3632K, reserved 1048576K
}
Event: 8.844 GC heap before
{Heap before GC invocations=7 (full 1):
 PSYoungGen      total 66560K, used 66538K [0x00000000d8500000, 0x00000000e0400000, 0x0000000100000000)
  eden space 61440K, 100% used [0x00000000d8500000,0x00000000dc100000,0x00000000dc100000)
  from space 5120K, 99% used [0x00000000dc100000,0x00000000dc5faa10,0x00000000dc600000)
  to   space 10752K, 0% used [0x00000000df980000,0x00000000df980000,0x00000000e0400000)
 ParOldGen       total 46592K, used 8093K [0x0000000088e00000, 0x000000008bb80000, 0x00000000d8500000)
  object space 46592K, 17% used [0x0000000088e00000,0x00000000895e75e0,0x000000008bb80000)
 Metaspace       used 33122K, capacity 34598K, committed 34736K, reserved 1079296K
  class space    used 4243K, capacity 4527K, committed 4528K, reserved 1048576K
Event: 8.863 GC heap after
Heap after GC invocations=7 (full 1):
 PSYoungGen      total 116736K, used 10733K [0x00000000d8500000, 0x00000000e0480000, 0x0000000100000000)
  eden space 105984K, 0% used [0x00000000d8500000,0x00000000d8500000,0x00000000dec80000)
  from space 10752K, 99% used [0x00000000df980000,0x00000000e03fb778,0x00000000e0400000)
  to   space 12288K, 0% used [0x00000000dec80000,0x00000000dec80000,0x00000000df880000)
 ParOldGen       total 46592K, used 8714K [0x0000000088e00000, 0x000000008bb80000, 0x00000000d8500000)
  object space 46592K, 18% used [0x0000000088e00000,0x0000000089682b48,0x000000008bb80000)
 Metaspace       used 33122K, capacity 34598K, committed 34736K, reserved 1079296K
  class space    used 4243K, capacity 4527K, committed 4528K, reserved 1048576K
}
Event: 9.239 GC heap before
{Heap before GC invocations=8 (full 1):
 PSYoungGen      total 116736K, used 23138K [0x00000000d8500000, 0x00000000e0480000, 0x0000000100000000)
  eden space 105984K, 11% used [0x00000000d8500000,0x00000000d911d310,0x00000000dec80000)
  from space 10752K, 99% used [0x00000000df980000,0x00000000e03fb778,0x00000000e0400000)
  to   space 12288K, 0% used [0x00000000dec80000,0x00000000dec80000,0x00000000df880000)
 ParOldGen       total 46592K, used 8714K [0x0000000088e00000, 0x000000008bb80000, 0x00000000d8500000)
  object space 46592K, 18% used [0x0000000088e00000,0x0000000089682b48,0x000000008bb80000)
 Metaspace       used 33917K, capacity 35402K, committed 35496K, reserved 1081344K
  class space    used 4351K, capacity 4641K, committed 4656K, reserved 1048576K
Event: 9.252 GC heap after
Heap after GC invocations=8 (full 1):
 PSYoungGen      total 118272K, used 7521K [0x00000000d8500000, 0x00000000e4d80000, 0x0000000100000000)
  eden space 105984K, 0% used [0x00000000d8500000,0x00000000d8500000,0x00000000dec80000)
  from space 12288K, 61% used [0x00000000dec80000,0x00000000df3d8630,0x00000000df880000)
  to   space 11776K, 0% used [0x00000000e4200000,0x00000000e4200000,0x00000000e4d80000)
 ParOldGen       total 46592K, used 8722K [0x0000000088e00000, 0x000000008bb80000, 0x00000000d8500000)
  object space 46592K, 18% used [0x0000000088e00000,0x0000000089684b48,0x000000008bb80000)
 Metaspace       used 33917K, capacity 35402K, committed 35496K, reserved 1081344K
  class space    used 4351K, capacity 4641K, committed 4656K, reserved 1048576K
}
Event: 9.252 GC heap before
{Heap before GC invocations=9 (full 2):
 PSYoungGen      total 118272K, used 7521K [0x00000000d8500000, 0x00000000e4d80000, 0x0000000100000000)
  eden space 105984K, 0% used [0x00000000d8500000,0x00000000d8500000,0x00000000dec80000)
  from space 12288K, 61% used [0x00000000dec80000,0x00000000df3d8630,0x00000000df880000)
  to   space 11776K, 0% used [0x00000000e4200000,0x00000000e4200000,0x00000000e4d80000)
 ParOldGen       total 46592K, used 8722K [0x0000000088e00000, 0x000000008bb80000, 0x00000000d8500000)
  object space 46592K, 18% used [0x0000000088e00000,0x0000000089684b48,0x000000008bb80000)
 Metaspace       used 33917K, capacity 35402K, committed 35496K, reserved 1081344K
  class space    used 4351K, capacity 4641K, committed 4656K, reserved 1048576K
Event: 9.318 GC heap after
Heap after GC invocations=9 (full 2):
 PSYoungGen      total 118272K, used 0K [0x00000000d8500000, 0x00000000e4d80000, 0x0000000100000000)
  eden space 105984K, 0% used [0x00000000d8500000,0x00000000d8500000,0x00000000dec80000)
  from space 12288K, 0% used [0x00000000dec80000,0x00000000dec80000,0x00000000df880000)
  to   space 11776K, 0% used [0x00000000e4200000,0x00000000e4200000,0x00000000e4d80000)
 ParOldGen       total 64000K, used 12034K [0x0000000088e00000, 0x000000008cc80000, 0x00000000d8500000)
  object space 64000K, 18% used [0x0000000088e00000,0x00000000899c0ac0,0x000000008cc80000)
 Metaspace       used 33917K, capacity 35402K, committed 35496K, reserved 1081344K
  class space    used 4351K, capacity 4641K, committed 4656K, reserved 1048576K
}

