# JRE version: Java(TM) SE Runtime Environment (8.0_192-b12) (build 1.8.0_192-b12)
# Java VM: Java HotSpot(TM) 64-Bit Server VM (25.192-b12 mixed mode windows-amd64 compressed oops)
Heap:
 PSYoungGen      total 66560K, used 41630K [0x00000000d8500000, 0x00000000df400000, 0x0000000100000000)
  eden space 61440K, 59% used [0x00000000d8500000,0x00000000da8abc60,0x00000000dc100000)
  from space 5120K, 99% used [0x00000000dc100000,0x00000000dc5fbf68,0x00000000dc600000)
  to   space 10240K, 0% used [0x00000000dea00000,0x00000000dea00000,0x00000000df400000)
 ParOldGen       total 54272K, used 8342K [0x0000000088e00000, 0x000000008c300000, 0x00000000d8500000)
  object space 54272K, 15% used [0x0000000088e00000,0x0000000089625b20,0x000000008c300000)
 Metaspace       used 31690K, capacity 33232K, committed 33456K, reserved 1079296K
  class space    used 4119K, capacity 4414K, committed 4528K, reserved 1048576K
GC Heap History (10 events):
Event: 1.111 GC heap before
{Heap before GC invocations=2 (full 0):
 PSYoungGen      total 35840K, used 35813K [0x00000000d8500000, 0x00000000dad00000, 0x0000000100000000)
  eden space 30720K, 100% used [0x00000000d8500000,0x00000000da300000,0x00000000da300000)
  from space 5120K, 99% used [0x00000000da300000,0x00000000da7f9520,0x00000000da800000)
  to   space 5120K, 0% used [0x00000000da800000,0x00000000da800000,0x00000000dad00000)
 ParOldGen       total 81920K, used 991K [0x0000000088e00000, 0x000000008de00000, 0x00000000d8500000)
  object space 81920K, 1% used [0x0000000088e00000,0x0000000088ef7e78,0x000000008de00000)
 Metaspace       used 14825K, capacity 15444K, committed 15744K, reserved 1062912K
  class space    used 1962K, capacity 2108K, committed 2176K, reserved 1048576K
Event: 1.119 GC heap after
Heap after GC invocations=2 (full 0):
 PSYoungGen      total 35840K, used 5116K [0x00000000d8500000, 0x00000000dcb00000, 0x0000000100000000)
  eden space 30720K, 0% used [0x00000000d8500000,0x00000000d8500000,0x00000000da300000)
  from space 5120K, 99% used [0x00000000da800000,0x00000000dacff268,0x00000000dad00000)
  to   space 5120K, 0% used [0x00000000da300000,0x00000000da300000,0x00000000da800000)
 ParOldGen       total 81920K, used 2522K [0x0000000088e00000, 0x000000008de00000, 0x00000000d8500000)
  object space 81920K, 3% used [0x0000000088e00000,0x0000000089076ab8,0x000000008de00000)
 Metaspace       used 14825K, capacity 15444K, committed 15744K, reserved 1062912K
  class space    used 1962K, capacity 2108K, committed 2176K, reserved 1048576K
}
Event: 1.584 GC heap before
{Heap before GC invocations=3 (full 0):
 PSYoungGen      total 35840K, used 35836K [0x00000000d8500000, 0x00000000dcb00000, 0x0000000100000000)
  eden space 30720K, 100% used [0x00000000d8500000,0x00000000da300000,0x00000000da300000)
  from space 5120K, 99% used [0x00000000da800000,0x00000000dacff268,0x00000000dad00000)
  to   space 5120K, 0% used [0x00000000da300000,0x00000000da300000,0x00000000da800000)
 ParOldGen       total 81920K, used 2522K [0x0000000088e00000, 0x000000008de00000, 0x00000000d8500000)
  object space 81920K, 3% used [0x0000000088e00000,0x0000000089076ab8,0x000000008de00000)
 Metaspace       used 20246K, capacity 20892K, committed 20992K, reserved 1067008K
  class space    used 2627K, capacity 2778K, committed 2816K, reserved 1048576K
Event: 1.596 GC heap after
Heap after GC invocations=3 (full 0):
 PSYoungGen      total 35840K, used 5103K [0x00000000d8500000, 0x00000000dcb00000, 0x0000000100000000)
  eden space 30720K, 0% used [0x00000000d8500000,0x00000000d8500000,0x00000000da300000)
  from space 5120K, 99% used [0x00000000da300000,0x00000000da7fbed8,0x00000000da800000)
  to   space 5120K, 0% used [0x00000000dc600000,0x00000000dc600000,0x00000000dcb00000)
 ParOldGen       total 81920K, used 6540K [0x0000000088e00000, 0x000000008de00000, 0x00000000d8500000)
  object space 81920K, 7% used [0x0000000088e00000,0x00000000894631a0,0x000000008de00000)
 Metaspace       used 20246K, capacity 20892K, committed 20992K, reserved 1067008K
  class space    used 2627K, capacity 2778K, committed 2816K, reserved 1048576K
}
Event: 1.678 GC heap before
{Heap before GC invocations=4 (full 0):
 PSYoungGen      total 35840K, used 7830K [0x00000000d8500000, 0x00000000dcb00000, 0x0000000100000000)
  eden space 30720K, 8% used [0x00000000d8500000,0x00000000d87a9ba8,0x00000000da300000)
  from space 5120K, 99% used [0x00000000da300000,0x00000000da7fbed8,0x00000000da800000)
  to   space 5120K, 0% used [0x00000000dc600000,0x00000000dc600000,0x00000000dcb00000)
 ParOldGen       total 81920K, used 6540K [0x0000000088e00000, 0x000000008de00000, 0x00000000d8500000)
  object space 81920K, 7% used [0x0000000088e00000,0x00000000894631a0,0x000000008de00000)
 Metaspace       used 20578K, capacity 21242K, committed 21296K, reserved 1067008K
  class space    used 2673K, capacity 2837K, committed 2864K, reserved 1048576K
Event: 1.687 GC heap after
Heap after GC invocations=4 (full 0):
 PSYoungGen      total 66560K, used 5103K [0x00000000d8500000, 0x00000000dcb00000, 0x0000000100000000)
  eden space 61440K, 0% used [0x00000000d8500000,0x00000000d8500000,0x00000000dc100000)
  from space 5120K, 99% used [0x00000000dc600000,0x00000000dcafbee8,0x00000000dcb00000)
  to   space 5120K, 0% used [0x00000000dc100000,0x00000000dc100000,0x00000000dc600000)
 ParOldGen       total 81920K, used 6548K [0x0000000088e00000, 0x000000008de00000, 0x00000000d8500000)
  object space 81920K, 7% used [0x0000000088e00000,0x00000000894651a0,0x000000008de00000)
 Metaspace       used 20578K, capacity 21242K, committed 21296K, reserved 1067008K
  class space    used 2673K, capacity 2837K, committed 2864K, reserved 1048576K
}
Event: 1.687 GC heap before
{Heap before GC invocations=5 (full 1):
 PSYoungGen      total 66560K, used 5103K [0x00000000d8500000, 0x00000000dcb00000, 0x0000000100000000)
  eden space 61440K, 0% used [0x00000000d8500000,0x00000000d8500000,0x00000000dc100000)
  from space 5120K, 99% used [0x00000000dc600000,0x00000000dcafbee8,0x00000000dcb00000)
  to   space 5120K, 0% used [0x00000000dc100000,0x00000000dc100000,0x00000000dc600000)
 ParOldGen       total 81920K, used 6548K [0x0000000088e00000, 0x000000008de00000, 0x00000000d8500000)
  object space 81920K, 7% used [0x0000000088e00000,0x00000000894651a0,0x000000008de00000)
 Metaspace       used 20578K, capacity 21242K, committed 21296K, reserved 1067008K
  class space    used 2673K, capacity 2837K, committed 2864K, reserved 1048576K
Event: 1.737 GC heap after
Heap after GC invocations=5 (full 1):
 PSYoungGen      total 66560K, used 0K [0x00000000d8500000, 0x00000000dcb00000, 0x0000000100000000)
  eden space 61440K, 0% used [0x00000000d8500000,0x00000000d8500000,0x00000000dc100000)
  from space 5120K, 0% used [0x00000000dc600000,0x00000000dc600000,0x00000000dcb00000)
  to   space 5120K, 0% used [0x00000000dc100000,0x00000000dc100000,0x00000000dc600000)
 ParOldGen       total 54272K, used 4980K [0x0000000088e00000, 0x000000008c300000, 0x00000000d8500000)
  object space 54272K, 9% used [0x0000000088e00000,0x00000000892dd280,0x000000008c300000)
 Metaspace       used 20576K, capacity 21236K, committed 21296K, reserved 1067008K
  class space    used 2673K, capacity 2836K, committed 2864K, reserved 1048576K
}
Event: 2.954 GC heap before
{Heap before GC invocations=6 (full 1):
 PSYoungGen      total 66560K, used 61440K [0x00000000d8500000, 0x00000000dcb00000, 0x0000000100000000)
  eden space 61440K, 100% used [0x00000000d8500000,0x00000000dc100000,0x00000000dc100000)
  from space 5120K, 0% used [0x00000000dc600000,0x00000000dc600000,0x00000000dcb00000)
  to   space 5120K, 0% used [0x00000000dc100000,0x00000000dc100000,0x00000000dc600000)
 ParOldGen       total 54272K, used 4980K [0x0000000088e00000, 0x000000008c300000, 0x00000000d8500000)
  object space 54272K, 9% used [0x0000000088e00000,0x00000000892dd280,0x000000008c300000)
 Metaspace       used 26397K, capacity 27848K, committed 27952K, reserved 1073152K
  class space    used 3500K, capacity 3798K, committed 3888K, reserved 1048576K
Event: 2.967 GC heap after
Heap after GC invocations=6 (full 1):
 PSYoungGen      total 66560K, used 5103K [0x00000000d8500000, 0x00000000df400000, 0x0000000100000000)
  eden space 61440K, 0% used [0x00000000d8500000,0x00000000d8500000,0x00000000dc100000)
  from space 5120K, 99% used [0x00000000dc100000,0x00000000dc5fbf68,0x00000000dc600000)
  to   space 10240K, 0% used [0x00000000dea00000,0x00000000dea00000,0x00000000df400000)
 ParOldGen       total 54272K, used 8342K [0x0000000088e00000, 0x000000008c300000, 0x00000000d8500000)
  object space 54272K, 15% used [0x0000000088e00000,0x0000000089625b20,0x000000008c300000)
 Metaspace       used 26397K, capacity 27848K, committed 27952K, reserved 1073152K
  class space    used 3500K, capacity 3798K, committed 3888K, reserved 1048576K
}

