# JRE version: Java(TM) SE Runtime Environment (8.0_192-b12) (build 1.8.0_192-b12)
# Java VM: Java HotSpot(TM) 64-Bit Server VM (25.192-b12 mixed mode windows-amd64 compressed oops)
Heap:
 PSYoungGen      total 127488K, used 16553K [0x00000000d8500000, 0x00000000e0e80000, 0x0000000100000000)
  eden space 117248K, 5% used [0x00000000d8500000,0x00000000d8b30a80,0x00000000df780000)
  from space 10240K, 99% used [0x00000000e0300000,0x00000000e0cf99f0,0x00000000e0d00000)
  to   space 11776K, 0% used [0x00000000df780000,0x00000000df780000,0x00000000e0300000)
 ParOldGen       total 43008K, used 9310K [0x0000000088e00000, 0x000000008b800000, 0x00000000d8500000)
  object space 43008K, 21% used [0x0000000088e00000,0x0000000089717ae8,0x000000008b800000)
 Metaspace       used 33505K, capacity 34990K, committed 35072K, reserved 1079296K
  class space    used 4297K, capacity 4597K, committed 4608K, reserved 1048576K
GC Heap History (10 events):
Event: 3.712 GC heap before
{Heap before GC invocations=3 (full 0):
 PSYoungGen      total 35840K, used 35809K [0x00000000d8500000, 0x00000000dcb00000, 0x0000000100000000)
  eden space 30720K, 100% used [0x00000000d8500000,0x00000000da300000,0x00000000da300000)
  from space 5120K, 99% used [0x00000000da800000,0x00000000dacf8698,0x00000000dad00000)
  to   space 5120K, 0% used [0x00000000da300000,0x00000000da300000,0x00000000da800000)
 ParOldGen       total 81920K, used 2694K [0x0000000088e00000, 0x000000008de00000, 0x00000000d8500000)
  object space 81920K, 3% used [0x0000000088e00000,0x00000000890a1b50,0x000000008de00000)
 Metaspace       used 20470K, capacity 21086K, committed 21248K, reserved 1067008K
  class space    used 2560K, capacity 2705K, committed 2816K, reserved 1048576K
Event: 3.724 GC heap after
Heap after GC invocations=3 (full 0):
 PSYoungGen      total 35840K, used 5098K [0x00000000d8500000, 0x00000000dcb00000, 0x0000000100000000)
  eden space 30720K, 0% used [0x00000000d8500000,0x00000000d8500000,0x00000000da300000)
  from space 5120K, 99% used [0x00000000da300000,0x00000000da7faab8,0x00000000da800000)
  to   space 5120K, 0% used [0x00000000dc600000,0x00000000dc600000,0x00000000dcb00000)
 ParOldGen       total 81920K, used 6794K [0x0000000088e00000, 0x000000008de00000, 0x00000000d8500000)
  object space 81920K, 8% used [0x0000000088e00000,0x00000000894a2998,0x000000008de00000)
 Metaspace       used 20470K, capacity 21086K, committed 21248K, reserved 1067008K
  class space    used 2560K, capacity 2705K, committed 2816K, reserved 1048576K
}
Event: 3.729 GC heap before
{Heap before GC invocations=4 (full 0):
 PSYoungGen      total 35840K, used 5836K [0x00000000d8500000, 0x00000000dcb00000, 0x0000000100000000)
  eden space 30720K, 2% used [0x00000000d8500000,0x00000000d85b8888,0x00000000da300000)
  from space 5120K, 99% used [0x00000000da300000,0x00000000da7faab8,0x00000000da800000)
  to   space 5120K, 0% used [0x00000000dc600000,0x00000000dc600000,0x00000000dcb00000)
 ParOldGen       total 81920K, used 6794K [0x0000000088e00000, 0x000000008de00000, 0x00000000d8500000)
  object space 81920K, 8% used [0x0000000088e00000,0x00000000894a2998,0x000000008de00000)
 Metaspace       used 20532K, capacity 21086K, committed 21248K, reserved 1067008K
  class space    used 2575K, capacity 2705K, committed 2816K, reserved 1048576K
Event: 3.739 GC heap after
Heap after GC invocations=4 (full 0):
 PSYoungGen      total 66560K, used 5112K [0x00000000d8500000, 0x00000000dcb00000, 0x0000000100000000)
  eden space 61440K, 0% used [0x00000000d8500000,0x00000000d8500000,0x00000000dc100000)
  from space 5120K, 99% used [0x00000000dc600000,0x00000000dcafe010,0x00000000dcb00000)
  to   space 5120K, 0% used [0x00000000dc100000,0x00000000dc100000,0x00000000dc600000)
 ParOldGen       total 81920K, used 6866K [0x0000000088e00000, 0x000000008de00000, 0x00000000d8500000)
  object space 81920K, 8% used [0x0000000088e00000,0x00000000894b4998,0x000000008de00000)
 Metaspace       used 20532K, capacity 21086K, committed 21248K, reserved 1067008K
  class space    used 2575K, capacity 2705K, committed 2816K, reserved 1048576K
}
Event: 3.739 GC heap before
{Heap before GC invocations=5 (full 1):
 PSYoungGen      total 66560K, used 5112K [0x00000000d8500000, 0x00000000dcb00000, 0x0000000100000000)
  eden space 61440K, 0% used [0x00000000d8500000,0x00000000d8500000,0x00000000dc100000)
  from space 5120K, 99% used [0x00000000dc600000,0x00000000dcafe010,0x00000000dcb00000)
  to   space 5120K, 0% used [0x00000000dc100000,0x00000000dc100000,0x00000000dc600000)
 ParOldGen       total 81920K, used 6866K [0x0000000088e00000, 0x000000008de00000, 0x00000000d8500000)
  object space 81920K, 8% used [0x0000000088e00000,0x00000000894b4998,0x000000008de00000)
 Metaspace       used 20532K, capacity 21086K, committed 21248K, reserved 1067008K
  class space    used 2575K, capacity 2705K, committed 2816K, reserved 1048576K
Event: 3.784 GC heap after
Heap after GC invocations=5 (full 1):
 PSYoungGen      total 66560K, used 0K [0x00000000d8500000, 0x00000000dcb00000, 0x0000000100000000)
  eden space 61440K, 0% used [0x00000000d8500000,0x00000000d8500000,0x00000000dc100000)
  from space 5120K, 0% used [0x00000000dc600000,0x00000000dc600000,0x00000000dcb00000)
  to   space 5120K, 0% used [0x00000000dc100000,0x00000000dc100000,0x00000000dc600000)
 ParOldGen       total 43008K, used 5307K [0x0000000088e00000, 0x000000008b800000, 0x00000000d8500000)
  object space 43008K, 12% used [0x0000000088e00000,0x000000008932ed68,0x000000008b800000)
 Metaspace       used 20530K, capacity 21080K, committed 21248K, reserved 1067008K
  class space    used 2574K, capacity 2704K, committed 2816K, reserved 1048576K
}
Event: 5.909 GC heap before
{Heap before GC invocations=6 (full 1):
 PSYoungGen      total 66560K, used 61440K [0x00000000d8500000, 0x00000000dcb00000, 0x0000000100000000)
  eden space 61440K, 100% used [0x00000000d8500000,0x00000000dc100000,0x00000000dc100000)
  from space 5120K, 0% used [0x00000000dc600000,0x00000000dc600000,0x00000000dcb00000)
  to   space 5120K, 0% used [0x00000000dc100000,0x00000000dc100000,0x00000000dc600000)
 ParOldGen       total 43008K, used 5307K [0x0000000088e00000, 0x000000008b800000, 0x00000000d8500000)
  object space 43008K, 12% used [0x0000000088e00000,0x000000008932ed68,0x000000008b800000)
 Metaspace       used 26476K, capacity 27402K, committed 27776K, reserved 1073152K
  class space    used 3371K, capacity 3589K, committed 3712K, reserved 1048576K
Event: 5.919 GC heap after
Heap after GC invocations=6 (full 1):
 PSYoungGen      total 66560K, used 5094K [0x00000000d8500000, 0x00000000e0d00000, 0x0000000100000000)
  eden space 61440K, 0% used [0x00000000d8500000,0x00000000d8500000,0x00000000dc100000)
  from space 5120K, 99% used [0x00000000dc100000,0x00000000dc5f9a08,0x00000000dc600000)
  to   space 10240K, 0% used [0x00000000e0300000,0x00000000e0300000,0x00000000e0d00000)
 ParOldGen       total 43008K, used 8779K [0x0000000088e00000, 0x000000008b800000, 0x00000000d8500000)
  object space 43008K, 20% used [0x0000000088e00000,0x0000000089692f38,0x000000008b800000)
 Metaspace       used 26476K, capacity 27402K, committed 27776K, reserved 1073152K
  class space    used 3371K, capacity 3589K, committed 3712K, reserved 1048576K
}
Event: 9.684 GC heap before
{Heap before GC invocations=7 (full 1):
 PSYoungGen      total 66560K, used 66534K [0x00000000d8500000, 0x00000000e0d00000, 0x0000000100000000)
  eden space 61440K, 100% used [0x00000000d8500000,0x00000000dc100000,0x00000000dc100000)
  from space 5120K, 99% used [0x00000000dc100000,0x00000000dc5f9a08,0x00000000dc600000)
  to   space 10240K, 0% used [0x00000000e0300000,0x00000000e0300000,0x00000000e0d00000)
 ParOldGen       total 43008K, used 8779K [0x0000000088e00000, 0x000000008b800000, 0x00000000d8500000)
  object space 43008K, 20% used [0x0000000088e00000,0x0000000089692f38,0x000000008b800000)
 Metaspace       used 33100K, capacity 34588K, committed 34816K, reserved 1079296K
  class space    used 4235K, capacity 4526K, committed 4608K, reserved 1048576K
Event: 9.702 GC heap after
Heap after GC invocations=7 (full 1):
 PSYoungGen      total 127488K, used 10214K [0x00000000d8500000, 0x00000000e0e80000, 0x0000000100000000)
  eden space 117248K, 0% used [0x00000000d8500000,0x00000000d8500000,0x00000000df780000)
  from space 10240K, 99% used [0x00000000e0300000,0x00000000e0cf99f0,0x00000000e0d00000)
  to   space 11776K, 0% used [0x00000000df780000,0x00000000df780000,0x00000000e0300000)
 ParOldGen       total 43008K, used 9310K [0x0000000088e00000, 0x000000008b800000, 0x00000000d8500000)
  object space 43008K, 21% used [0x0000000088e00000,0x0000000089717ae8,0x000000008b800000)
 Metaspace       used 33100K, capacity 34588K, committed 34816K, reserved 1079296K
  class space    used 4235K, capacity 4526K, committed 4608K, reserved 1048576K
}

